-1.7
-encoding
UTF-8
-source
1.7
-target
1.7
-classpath
/home/fdelcampo/.m2/repository/junit/junit/3.8.1/junit-3.8.1.jar:/home/fdelcampo/.m2/repository/fr/inria/zvtm/zvtm-core/0.12.0-SNAPSHOT/zvtm-core-0.12.0-SNAPSHOT.jar:/home/fdelcampo/.m2/repository/net/java/dev/timingframework/timingframework/1.0/timingframework-1.0.jar:/home/fdelcampo/.m2/repository/org/aspectj/aspectjrt/1.8.6/aspectjrt-1.8.6.jar:/home/fdelcampo/.m2/repository/jgroups/jgroups/2.7.0.GA/jgroups-2.7.0.GA.jar:/home/fdelcampo/.m2/repository/org/slf4j/slf4j-log4j12/1.7.10/slf4j-log4j12-1.7.10.jar:/home/fdelcampo/.m2/repository/commons-logging/commons-logging/1.1/commons-logging-1.1.jar:/home/fdelcampo/.m2/repository/args4j/args4j/2.0.29/args4j-2.0.29.jar:/home/fdelcampo/.m2/repository/net/jcip/jcip-annotations/1.0/jcip-annotations-1.0.jar:/home/fdelcampo/.m2/repository/org/slf4j/slf4j-api/1.7.10/slf4j-api-1.7.10.jar:/home/fdelcampo/.m2/repository/log4j/log4j/1.2.17/log4j-1.2.17.jar:/home/fdelcampo/codes/zvtm-code/zvtm-cluster/trunk/target/classes
-inpath
/home/fdelcampo/.m2/repository/fr/inria/zvtm/zvtm-core/0.12.0-SNAPSHOT/zvtm-core-0.12.0-SNAPSHOT.jar
-d
/home/fdelcampo/codes/zvtm-code/zvtm-cluster/trunk/target/classes
/home/fdelcampo/codes/zvtm-code/zvtm-cluster/trunk/src/main/java/fr/inria/zvtm/cluster/GenericDelta.java
/home/fdelcampo/codes/zvtm-code/zvtm-cluster/trunk/src/main/java/fr/inria/zvtm/cluster/SlaveUpdater.java
/home/fdelcampo/codes/zvtm-code/zvtm-cluster/trunk/src/main/java/fr/inria/zvtm/cluster/MasterNetworkIntroduction.aj
/home/fdelcampo/codes/zvtm-code/zvtm-cluster/trunk/src/main/java/fr/inria/zvtm/cluster/AutoReplay.aj
/home/fdelcampo/codes/zvtm-code/zvtm-cluster/trunk/src/main/java/fr/inria/zvtm/cluster/GlyphAttributes.java
/home/fdelcampo/codes/zvtm-code/zvtm-cluster/trunk/src/main/java/fr/inria/zvtm/cluster/ObjIdFactory.java
/home/fdelcampo/codes/zvtm-code/zvtm-cluster/trunk/src/main/java/fr/inria/zvtm/cluster/ClusteredImage.java
/home/fdelcampo/codes/zvtm-code/zvtm-cluster/trunk/src/main/java/fr/inria/zvtm/cluster/Paints.java
/home/fdelcampo/codes/zvtm-code/zvtm-cluster/trunk/src/main/java/fr/inria/zvtm/cluster/ClusteredViewReplication.aj
/home/fdelcampo/codes/zvtm-code/zvtm-cluster/trunk/src/main/java/fr/inria/zvtm/cluster/VirtualSpaceIntroduction.aj
/home/fdelcampo/codes/zvtm-code/zvtm-cluster/trunk/src/main/java/fr/inria/zvtm/cluster/ClusteredViewCreateDelta.java
/home/fdelcampo/codes/zvtm-code/zvtm-cluster/trunk/src/main/java/fr/inria/zvtm/cluster/ClusteredView.java
/home/fdelcampo/codes/zvtm-code/zvtm-cluster/trunk/src/main/java/fr/inria/zvtm/cluster/ObjId.java
/home/fdelcampo/codes/zvtm-code/zvtm-cluster/trunk/src/main/java/fr/inria/zvtm/cluster/ClusteredViewDestroyDelta.java
/home/fdelcampo/codes/zvtm-code/zvtm-cluster/trunk/src/main/java/fr/inria/zvtm/cluster/GlyphReplicator.java
/home/fdelcampo/codes/zvtm-code/zvtm-cluster/trunk/src/main/java/fr/inria/zvtm/cluster/GlyphReplication.aj
/home/fdelcampo/codes/zvtm-code/zvtm-cluster/trunk/src/main/java/fr/inria/zvtm/cluster/Identifiables.java
/home/fdelcampo/codes/zvtm-code/zvtm-cluster/trunk/src/main/java/fr/inria/zvtm/cluster/StopDelta.java
/home/fdelcampo/codes/zvtm-code/zvtm-cluster/trunk/src/main/java/fr/inria/zvtm/cluster/ClusterGeometry.java
/home/fdelcampo/codes/zvtm-code/zvtm-cluster/trunk/src/main/java/fr/inria/zvtm/cluster/Strokes.java
/home/fdelcampo/codes/zvtm-code/zvtm-cluster/trunk/src/main/java/fr/inria/zvtm/cluster/Delta.java
/home/fdelcampo/codes/zvtm-code/zvtm-cluster/trunk/src/main/java/fr/inria/zvtm/cluster/ObjIdIntroduction.aj
/home/fdelcampo/codes/zvtm-code/zvtm-cluster/trunk/src/main/java/fr/inria/zvtm/cluster/VsmReplication.aj
/home/fdelcampo/codes/zvtm-code/zvtm-cluster/trunk/src/main/java/fr/inria/zvtm/cluster/VirtualSpaceReplication.aj
/home/fdelcampo/codes/zvtm-code/zvtm-cluster/trunk/src/main/java/fr/inria/zvtm/cluster/MiscIntroduction.aj
/home/fdelcampo/codes/zvtm-code/zvtm-cluster/trunk/src/main/java/fr/inria/zvtm/cluster/PortalReplicator.java
/home/fdelcampo/codes/zvtm-code/zvtm-cluster/trunk/src/main/java/fr/inria/zvtm/cluster/GlyphCreation.aj
/home/fdelcampo/codes/zvtm-code/zvtm-cluster/trunk/src/main/java/fr/inria/zvtm/cluster/SlaveApp.java
/home/fdelcampo/codes/zvtm-code/zvtm-cluster/trunk/src/main/java/fr/inria/zvtm/cluster/examples/ZOrderExample.java
/home/fdelcampo/codes/zvtm-code/zvtm-cluster/trunk/src/main/java/fr/inria/zvtm/cluster/examples/CenterOnRegion.java
/home/fdelcampo/codes/zvtm-code/zvtm-cluster/trunk/src/main/java/fr/inria/zvtm/cluster/examples/OGLClusterExample.java
/home/fdelcampo/codes/zvtm-code/zvtm-cluster/trunk/src/main/java/fr/inria/zvtm/cluster/examples/TwoCameras.java
/home/fdelcampo/codes/zvtm-code/zvtm-cluster/trunk/src/main/java/fr/inria/zvtm/cluster/examples/StickedCamerasExample.java
/home/fdelcampo/codes/zvtm-code/zvtm-cluster/trunk/src/main/java/fr/inria/zvtm/cluster/examples/ColorRectCluster.java
/home/fdelcampo/codes/zvtm-code/zvtm-cluster/trunk/src/main/java/fr/inria/zvtm/cluster/examples/VSegmentExample.java
/home/fdelcampo/codes/zvtm-code/zvtm-cluster/trunk/src/main/java/fr/inria/zvtm/cluster/examples/AnimEllipses.java
/home/fdelcampo/codes/zvtm-code/zvtm-cluster/trunk/src/main/java/fr/inria/zvtm/cluster/examples/VImageExample.java
/home/fdelcampo/codes/zvtm-code/zvtm-cluster/trunk/src/main/java/fr/inria/zvtm/cluster/examples/CompositeExample.java
/home/fdelcampo/codes/zvtm-code/zvtm-cluster/trunk/src/main/java/fr/inria/zvtm/cluster/examples/AnimCircles.java
/home/fdelcampo/codes/zvtm-code/zvtm-cluster/trunk/src/main/java/fr/inria/zvtm/cluster/examples/GradientsExample.java
/home/fdelcampo/codes/zvtm-code/zvtm-cluster/trunk/src/main/java/fr/inria/zvtm/cluster/examples/ClusteredImageExample.java
/home/fdelcampo/codes/zvtm-code/zvtm-cluster/trunk/src/main/java/fr/inria/zvtm/cluster/examples/PickerTest.java
/home/fdelcampo/codes/zvtm-code/zvtm-cluster/trunk/src/main/java/fr/inria/zvtm/cluster/examples/DPathExample.java
/home/fdelcampo/codes/zvtm-code/zvtm-cluster/trunk/src/main/java/fr/inria/zvtm/cluster/examples/TextExample.java
/home/fdelcampo/codes/zvtm-code/zvtm-cluster/trunk/src/main/java/fr/inria/zvtm/cluster/examples/AnimRings.java
/home/fdelcampo/codes/zvtm-code/zvtm-cluster/trunk/src/main/java/fr/inria/zvtm/cluster/ChannelFactory.java
/home/fdelcampo/codes/zvtm-code/zvtm-cluster/trunk/src/main/java/fr/inria/zvtm/cluster/AbstractAutoReplay.aj
/home/fdelcampo/codes/zvtm-code/zvtm-cluster/trunk/src/main/java/fr/inria/zvtm/cluster/Precedence.aj
/home/fdelcampo/codes/zvtm-code/zvtm-cluster/trunk/src/main/java/fr/inria/zvtm/cluster/DefaultIdentifiable.java
/home/fdelcampo/codes/zvtm-code/zvtm-cluster/trunk/src/main/java/fr/inria/zvtm/cluster/ClusteredStroke.java
/home/fdelcampo/codes/zvtm-code/zvtm-cluster/trunk/src/main/java/fr/inria/zvtm/cluster/Identifiable.java
